<?xml version="1.0" encoding="UTF-8"?>
<!-- Generated by org.testng.reporters.JUnitXMLReporter -->
<testsuite hostname="VAIO" ignored="0" name="Test" tests="4" failures="0" timestamp="2020-12-13T15:14:08 IST" time="243.667" errors="0">
  <testcase name="test01_Verify_Logo" time="0.21" classname="testCasesForExecution.TestCasesForPC"/>
  <testcase name="test02_ContactUs_SeeForYouselfButton" time="26.909" classname="testCasesForExecution.TestCasesForPC"/>
  <testcase name="test03_Click_On_Map_Maker_Tab" time="66.221" classname="testCasesForExecution.TestCasesForPC"/>
  <testcase name="test04_HyperlinkText" time="0.378" classname="testCasesForExecution.TestCasesForPC"/>
</testsuite> <!-- Test -->
